TN:
SF:server/db.js
FN:21,testConnection
FN:34,initializeDatabase
FNF:2
FNH:0
FNDA:0,testConnection
FNDA:0,initializeDatabase
DA:1,2
DA:3,2
DA:13,2
DA:15,2
DA:22,0
DA:23,0
DA:24,0
DA:25,0
DA:26,0
DA:28,0
DA:29,0
DA:35,0
DA:36,0
DA:37,0
DA:39,0
DA:40,0
DA:42,0
DA:60,0
DA:61,0
DA:62,0
DA:64,0
DA:65,0
DA:69,2
LF:23
LH:5
BRDA:4,0,0,2
BRDA:4,0,1,0
BRDA:5,1,0,2
BRDA:5,1,1,0
BRDA:6,2,0,2
BRDA:6,2,1,2
BRDA:7,3,0,2
BRDA:7,3,1,0
BRDA:17,4,0,0
BRDA:17,4,1,2
BRF:10
BRH:6
end_of_record
TN:
SF:server/server.js
FN:30,(anonymous_0)
FN:78,(anonymous_1)
FN:87,(anonymous_2)
FN:92,(anonymous_3)
FN:97,(anonymous_4)
FN:168,(anonymous_5)
FN:174,(anonymous_6)
FN:182,(anonymous_7)
FN:187,(anonymous_8)
FN:439,(anonymous_9)
FN:454,(anonymous_10)
FN:585,(anonymous_11)
FN:607,(anonymous_12)
FN:619,(anonymous_13)
FN:624,(anonymous_14)
FN:634,(anonymous_15)
FN:648,(anonymous_16)
FN:657,(anonymous_17)
FN:659,(anonymous_18)
FN:680,(anonymous_19)
FNF:20
FNH:0
FNDA:0,(anonymous_0)
FNDA:0,(anonymous_1)
FNDA:0,(anonymous_2)
FNDA:0,(anonymous_3)
FNDA:0,(anonymous_4)
FNDA:0,(anonymous_5)
FNDA:0,(anonymous_6)
FNDA:0,(anonymous_7)
FNDA:0,(anonymous_8)
FNDA:0,(anonymous_9)
FNDA:0,(anonymous_10)
FNDA:0,(anonymous_11)
FNDA:0,(anonymous_12)
FNDA:0,(anonymous_13)
FNDA:0,(anonymous_14)
FNDA:0,(anonymous_15)
FNDA:0,(anonymous_16)
FNDA:0,(anonymous_17)
FNDA:0,(anonymous_18)
FNDA:0,(anonymous_19)
DA:1,2
DA:2,2
DA:3,2
DA:4,2
DA:5,2
DA:6,2
DA:7,2
DA:8,2
DA:9,2
DA:10,2
DA:11,2
DA:12,2
DA:15,2
DA:18,2
DA:19,2
DA:20,0
DA:21,0
DA:23,2
DA:28,2
DA:29,2
DA:31,0
DA:32,0
DA:34,0
DA:44,2
DA:45,2
DA:46,2
DA:49,2
DA:54,2
DA:57,2
DA:58,2
DA:61,2
DA:64,2
DA:67,2
DA:72,2
DA:73,2
DA:77,2
DA:79,0
DA:80,0
DA:81,0
DA:82,0
DA:87,2
DA:88,0
DA:92,2
DA:93,0
DA:97,2
DA:98,0
DA:99,0
DA:101,0
DA:116,0
DA:119,0
DA:120,0
DA:127,0
DA:128,0
DA:129,0
DA:151,0
DA:153,0
DA:159,0
DA:160,0
DA:168,2
DA:169,0
DA:170,0
DA:174,2
DA:175,0
DA:176,0
DA:177,0
DA:178,0
DA:182,2
DA:183,0
DA:187,2
DA:188,0
DA:189,0
DA:190,0
DA:192,0
DA:194,0
DA:195,0
DA:196,0
DA:212,0
DA:215,0
DA:216,0
DA:217,0
DA:218,0
DA:219,0
DA:220,0
DA:221,0
DA:222,0
DA:223,0
DA:225,0
DA:226,0
DA:227,0
DA:233,0
DA:234,0
DA:235,0
DA:241,0
DA:242,0
DA:247,0
DA:248,0
DA:249,0
DA:254,0
DA:255,0
DA:260,0
DA:261,0
DA:262,0
DA:264,0
DA:265,0
DA:269,0
DA:270,0
DA:272,0
DA:290,0
DA:293,0
DA:298,0
DA:300,0
DA:306,0
DA:309,0
DA:398,0
DA:401,0
DA:402,0
DA:403,0
DA:404,0
DA:405,0
DA:408,0
DA:420,0
DA:421,0
DA:424,0
DA:425,0
DA:429,0
DA:430,0
DA:439,2
DA:441,0
DA:454,0
DA:455,0
DA:458,0
DA:459,0
DA:460,0
DA:463,0
DA:464,0
DA:465,0
DA:468,0
DA:471,0
DA:472,0
DA:473,0
DA:474,0
DA:477,0
DA:478,0
DA:479,0
DA:482,0
DA:483,0
DA:484,0
DA:485,0
DA:487,0
DA:492,0
DA:494,0
DA:495,0
DA:496,0
DA:504,0
DA:506,0
DA:514,0
DA:515,0
DA:519,0
DA:522,0
DA:525,0
DA:528,0
DA:531,0
DA:532,0
DA:542,0
DA:543,0
DA:545,0
DA:546,0
DA:547,0
DA:548,0
DA:549,0
DA:550,0
DA:551,0
DA:552,0
DA:553,0
DA:556,0
DA:565,0
DA:566,0
DA:567,0
DA:568,0
DA:571,0
DA:572,0
DA:574,0
DA:575,0
DA:585,2
DA:586,0
DA:588,0
DA:593,0
DA:594,0
DA:598,0
DA:601,0
DA:602,0
DA:607,2
DA:609,0
DA:615,0
DA:619,2
DA:620,0
DA:624,2
DA:625,0
DA:626,0
DA:634,2
DA:635,0
DA:637,0
DA:638,0
DA:641,0
DA:642,0
DA:643,0
DA:647,0
DA:648,0
DA:649,0
DA:650,0
DA:651,0
DA:652,0
DA:653,0
DA:657,0
DA:658,0
DA:659,0
DA:660,0
DA:661,0
DA:665,0
DA:668,0
DA:670,0
DA:671,0
DA:672,0
DA:674,0
DA:679,2
DA:680,0
DA:681,0
DA:682,0
DA:687,2
LF:229
LH:46
BRDA:18,0,0,2
BRDA:18,0,1,2
BRDA:19,1,0,0
BRDA:19,1,1,2
BRDA:28,2,0,0
BRDA:28,2,1,2
BRDA:31,3,0,0
BRDA:31,3,1,0
BRDA:31,4,0,0
BRDA:31,4,1,0
BRDA:119,5,0,0
BRDA:119,5,1,0
BRDA:119,6,0,0
BRDA:119,6,1,0
BRDA:119,6,2,0
BRDA:119,6,3,0
BRDA:119,6,4,0
BRDA:119,6,5,0
BRDA:119,6,6,0
BRDA:128,7,0,0
BRDA:128,7,1,0
BRDA:194,8,0,0
BRDA:194,8,1,0
BRDA:194,9,0,0
BRDA:194,9,1,0
BRDA:211,10,0,0
BRDA:216,11,0,0
BRDA:216,11,1,0
BRDA:217,12,0,0
BRDA:217,12,1,0
BRDA:218,13,0,0
BRDA:218,13,1,0
BRDA:219,14,0,0
BRDA:219,14,1,0
BRDA:220,15,0,0
BRDA:220,15,1,0
BRDA:221,16,0,0
BRDA:221,16,1,0
BRDA:222,17,0,0
BRDA:222,17,1,0
BRDA:223,18,0,0
BRDA:223,18,1,0
BRDA:225,19,0,0
BRDA:225,19,1,0
BRDA:233,20,0,0
BRDA:233,20,1,0
BRDA:247,21,0,0
BRDA:247,21,1,0
BRDA:285,22,0,0
BRDA:285,22,1,0
BRDA:286,23,0,0
BRDA:286,23,1,0
BRDA:315,24,0,0
BRDA:315,24,1,0
BRDA:317,25,0,0
BRDA:317,25,1,0
BRDA:432,26,0,0
BRDA:432,26,1,0
BRDA:433,27,0,0
BRDA:433,27,1,0
BRDA:455,28,0,0
BRDA:455,28,1,0
BRDA:458,29,0,0
BRDA:458,29,1,0
BRDA:471,30,0,0
BRDA:471,30,1,0
BRDA:472,31,0,0
BRDA:472,31,1,0
BRDA:472,32,0,0
BRDA:472,32,1,0
BRDA:477,33,0,0
BRDA:477,33,1,0
BRDA:477,34,0,0
BRDA:477,34,1,0
BRDA:482,35,0,0
BRDA:482,35,1,0
BRDA:482,36,0,0
BRDA:482,36,1,0
BRDA:483,37,0,0
BRDA:483,37,1,0
BRDA:492,38,0,0
BRDA:492,38,1,0
BRDA:494,39,0,0
BRDA:494,39,1,0
BRDA:514,40,0,0
BRDA:514,40,1,0
BRDA:514,41,0,0
BRDA:514,41,1,0
BRDA:531,42,0,0
BRDA:531,42,1,0
BRDA:531,43,0,0
BRDA:531,43,1,0
BRDA:545,44,0,0
BRDA:545,44,1,0
BRDA:548,45,0,0
BRDA:548,45,1,0
BRDA:551,46,0,0
BRDA:551,46,1,0
BRDA:559,47,0,0
BRDA:559,47,1,0
BRDA:560,48,0,0
BRDA:560,48,1,0
BRDA:593,49,0,0
BRDA:593,49,1,0
BRDA:629,50,0,0
BRDA:629,50,1,0
BRDA:642,51,0,0
BRDA:642,51,1,0
BRDA:647,52,0,0
BRDA:647,52,1,0
BRDA:650,53,0,0
BRDA:650,53,1,0
BRDA:652,54,0,0
BRDA:652,54,1,0
BRDA:671,55,0,0
BRDA:671,55,1,0
BRDA:679,56,0,0
BRDA:679,56,1,2
BRF:118
BRH:5
end_of_record
TN:
SF:test/testUtils.js
FN:5,(anonymous_0)
FN:19,(anonymous_1)
FN:28,(anonymous_2)
FNF:3
FNH:2
FNDA:1,(anonymous_0)
FNDA:0,(anonymous_1)
FNDA:1,(anonymous_2)
DA:1,2
DA:2,2
DA:5,2
DA:6,1
DA:7,1
DA:8,0
DA:9,0
DA:10,0
DA:11,0
DA:13,1
DA:14,1
DA:19,2
DA:20,0
DA:28,2
DA:29,1
DA:30,1
DA:32,1
DA:39,1
DA:42,1
DA:45,1
DA:51,0
DA:56,0
DA:62,2
LF:23
LH:16
BRDA:28,0,0,1
BRF:1
BRH:1
end_of_record
